# JRE version: OpenJDK Runtime Environment (17.0.11) (build 17.0.11+0--11852314)
# Java VM: OpenJDK 64-Bit Server VM (17.0.11+0--11852314, mixed mode, tiered, compressed oops, compressed class ptrs, g1 gc, windows-amd64)
GC Precious Log:
 CPUs: 8 total, 8 available
 Memory: 8008M
 Large Page Support: Disabled
 NUMA Support: Disabled
 Compressed Oops: Enabled (32-bit)
 Heap Region Size: 1M
 Heap Min Capacity: 8M
 Heap Initial Capacity: 126M
 Heap Max Capacity: 2004M
 Pre-touch: Disabled
 Parallel Workers: 8
 Concurrent Workers: 2
 Concurrent Refinement Workers: 8
 Periodic GC: Disabled
Heap:
 garbage-first heap   total 178176K, used 102304K [0x0000000082c00000, 0x0000000100000000)
  region size 1024K, 1 young (1024K), 1 survivors (1024K)
 Metaspace       used 70623K, committed 70912K, reserved 1114112K
  class space    used 7724K, committed 7872K, reserved 1048576K
GC Heap History (20 events):
Event: 4.597 GC heap after
{Heap after GC invocations=26 (full 0):
 garbage-first heap   total 134144K, used 64374K [0x0000000082c00000, 0x0000000100000000)
  region size 1024K, 6 young (6144K), 6 survivors (6144K)
 Metaspace       used 54523K, committed 54784K, reserved 1114112K
  class space    used 6321K, committed 6400K, reserved 1048576K
}
Event: 5.078 GC heap before
{Heap before GC invocations=26 (full 0):
 garbage-first heap   total 134144K, used 98166K [0x0000000082c00000, 0x0000000100000000)
  region size 1024K, 39 young (39936K), 6 survivors (6144K)
 Metaspace       used 55184K, committed 55424K, reserved 1114112K
  class space    used 6366K, committed 6464K, reserved 1048576K
}
Event: 5.095 GC heap after
{Heap after GC invocations=27 (full 0):
 garbage-first heap   total 134144K, used 70914K [0x0000000082c00000, 0x0000000100000000)
  region size 1024K, 5 young (5120K), 5 survivors (5120K)
 Metaspace       used 55184K, committed 55424K, reserved 1114112K
  class space    used 6366K, committed 6464K, reserved 1048576K
}
Event: 5.624 GC heap before
{Heap before GC invocations=27 (full 0):
 garbage-first heap   total 134144K, used 101634K [0x0000000082c00000, 0x0000000100000000)
  region size 1024K, 35 young (35840K), 5 survivors (5120K)
 Metaspace       used 57287K, committed 57600K, reserved 1114112K
  class space    used 6558K, committed 6656K, reserved 1048576K
}
Event: 5.638 GC heap after
{Heap after GC invocations=28 (full 0):
 garbage-first heap   total 134144K, used 74811K [0x0000000082c00000, 0x0000000100000000)
  region size 1024K, 4 young (4096K), 4 survivors (4096K)
 Metaspace       used 57287K, committed 57600K, reserved 1114112K
  class space    used 6558K, committed 6656K, reserved 1048576K
}
Event: 6.237 GC heap before
{Heap before GC invocations=29 (full 0):
 garbage-first heap   total 134144K, used 103483K [0x0000000082c00000, 0x0000000100000000)
  region size 1024K, 33 young (33792K), 4 survivors (4096K)
 Metaspace       used 59011K, committed 59264K, reserved 1114112K
  class space    used 6688K, committed 6784K, reserved 1048576K
}
Event: 6.248 GC heap after
{Heap after GC invocations=30 (full 0):
 garbage-first heap   total 134144K, used 78160K [0x0000000082c00000, 0x0000000100000000)
  region size 1024K, 5 young (5120K), 5 survivors (5120K)
 Metaspace       used 59011K, committed 59264K, reserved 1114112K
  class space    used 6688K, committed 6784K, reserved 1048576K
}
Event: 6.267 GC heap before
{Heap before GC invocations=30 (full 0):
 garbage-first heap   total 134144K, used 79184K [0x0000000082c00000, 0x0000000100000000)
  region size 1024K, 6 young (6144K), 5 survivors (5120K)
 Metaspace       used 59027K, committed 59264K, reserved 1114112K
  class space    used 6688K, committed 6784K, reserved 1048576K
}
Event: 6.278 GC heap after
{Heap after GC invocations=31 (full 0):
 garbage-first heap   total 161792K, used 77790K [0x0000000082c00000, 0x0000000100000000)
  region size 1024K, 1 young (1024K), 1 survivors (1024K)
 Metaspace       used 59027K, committed 59264K, reserved 1114112K
  class space    used 6688K, committed 6784K, reserved 1048576K
}
Event: 6.903 GC heap before
{Heap before GC invocations=31 (full 0):
 garbage-first heap   total 161792K, used 122846K [0x0000000082c00000, 0x0000000100000000)
  region size 1024K, 45 young (46080K), 1 survivors (1024K)
 Metaspace       used 60761K, committed 61056K, reserved 1114112K
  class space    used 6821K, committed 6976K, reserved 1048576K
}
Event: 6.919 GC heap after
{Heap after GC invocations=32 (full 0):
 garbage-first heap   total 161792K, used 87853K [0x0000000082c00000, 0x0000000100000000)
  region size 1024K, 6 young (6144K), 6 survivors (6144K)
 Metaspace       used 60761K, committed 61056K, reserved 1114112K
  class space    used 6821K, committed 6976K, reserved 1048576K
}
Event: 7.579 GC heap before
{Heap before GC invocations=33 (full 0):
 garbage-first heap   total 161792K, used 125741K [0x0000000082c00000, 0x0000000100000000)
  region size 1024K, 43 young (44032K), 6 survivors (6144K)
 Metaspace       used 66210K, committed 66560K, reserved 1114112K
  class space    used 7336K, committed 7488K, reserved 1048576K
}
Event: 7.596 GC heap after
{Heap after GC invocations=34 (full 0):
 garbage-first heap   total 161792K, used 94023K [0x0000000082c00000, 0x0000000100000000)
  region size 1024K, 6 young (6144K), 6 survivors (6144K)
 Metaspace       used 66210K, committed 66560K, reserved 1114112K
  class space    used 7336K, committed 7488K, reserved 1048576K
}
Event: 7.601 GC heap before
{Heap before GC invocations=34 (full 0):
 garbage-first heap   total 161792K, used 95047K [0x0000000082c00000, 0x0000000100000000)
  region size 1024K, 7 young (7168K), 6 survivors (6144K)
 Metaspace       used 66222K, committed 66560K, reserved 1114112K
  class space    used 7337K, committed 7488K, reserved 1048576K
}
Event: 7.608 GC heap after
{Heap after GC invocations=35 (full 0):
 garbage-first heap   total 161792K, used 94491K [0x0000000082c00000, 0x0000000100000000)
  region size 1024K, 1 young (1024K), 1 survivors (1024K)
 Metaspace       used 66222K, committed 66560K, reserved 1114112K
  class space    used 7337K, committed 7488K, reserved 1048576K
}
Event: 8.020 GC heap before
{Heap before GC invocations=35 (full 0):
 garbage-first heap   total 161792K, used 128283K [0x0000000082c00000, 0x0000000100000000)
  region size 1024K, 34 young (34816K), 1 survivors (1024K)
 Metaspace       used 68673K, committed 69056K, reserved 1114112K
  class space    used 7492K, committed 7680K, reserved 1048576K
}
Event: 8.037 GC heap after
{Heap after GC invocations=36 (full 0):
 garbage-first heap   total 161792K, used 97653K [0x0000000082c00000, 0x0000000100000000)
  region size 1024K, 5 young (5120K), 5 survivors (5120K)
 Metaspace       used 68673K, committed 69056K, reserved 1114112K
  class space    used 7492K, committed 7680K, reserved 1048576K
}
Event: 8.464 GC heap before
{Heap before GC invocations=37 (full 0):
 garbage-first heap   total 178176K, used 127349K [0x0000000082c00000, 0x0000000100000000)
  region size 1024K, 34 young (34816K), 5 survivors (5120K)
 Metaspace       used 70575K, committed 70848K, reserved 1114112K
  class space    used 7724K, committed 7872K, reserved 1048576K
}
Event: 8.472 GC heap after
{Heap after GC invocations=38 (full 0):
 garbage-first heap   total 178176K, used 101666K [0x0000000082c00000, 0x0000000100000000)
  region size 1024K, 4 young (4096K), 4 survivors (4096K)
 Metaspace       used 70575K, committed 70848K, reserved 1114112K
  class space    used 7724K, committed 7872K, reserved 1048576K
}
Event: 8.514 GC heap before
{Heap before GC invocations=38 (full 0):
 garbage-first heap   total 178176K, used 105762K [0x0000000082c00000, 0x0000000100000000)
  region size 1024K, 8 young (8192K), 4 survivors (4096K)
 Metaspace       used 70623K, committed 70912K, reserved 1114112K
  class space    used 7724K, committed 7872K, reserved 1048576K
}

