# JRE version: OpenJDK Runtime Environment (17.0.11) (build 17.0.11+0--11852314)
# Java VM: OpenJDK 64-Bit Server VM (17.0.11+0--11852314, mixed mode, tiered, compressed oops, compressed class ptrs, g1 gc, windows-amd64)
GC Precious Log:
 CPUs: 8 total, 8 available
 Memory: 8008M
 Large Page Support: Disabled
 NUMA Support: Disabled
 Compressed Oops: Enabled (32-bit)
 Heap Region Size: 1M
 Heap Min Capacity: 8M
 Heap Initial Capacity: 126M
 Heap Max Capacity: 2004M
 Pre-touch: Disabled
 Parallel Workers: 8
 Concurrent Workers: 2
 Concurrent Refinement Workers: 8
 Periodic GC: Disabled
Heap:
 garbage-first heap   total 147456K, used 75741K [0x0000000082c00000, 0x0000000100000000)
  region size 1024K, 6 young (6144K), 6 survivors (6144K)
 Metaspace       used 58186K, committed 58432K, reserved 1114112K
  class space    used 6642K, committed 6720K, reserved 1048576K
GC Heap History (20 events):
Event: 1.171 GC heap after
{Heap after GC invocations=8 (full 0):
 garbage-first heap   total 31744K, used 16600K [0x0000000082c00000, 0x0000000100000000)
  region size 1024K, 1 young (1024K), 1 survivors (1024K)
 Metaspace       used 27522K, committed 27776K, reserved 1114112K
  class space    used 3014K, committed 3136K, reserved 1048576K
}
Event: 1.181 GC heap before
{Heap before GC invocations=8 (full 0):
 garbage-first heap   total 31744K, used 16600K [0x0000000082c00000, 0x0000000100000000)
  region size 1024K, 2 young (2048K), 1 survivors (1024K)
 Metaspace       used 27805K, committed 28032K, reserved 1114112K
  class space    used 3035K, committed 3136K, reserved 1048576K
}
Event: 1.185 GC heap after
{Heap after GC invocations=9 (full 0):
 garbage-first heap   total 80896K, used 16688K [0x0000000082c00000, 0x0000000100000000)
  region size 1024K, 1 young (1024K), 1 survivors (1024K)
 Metaspace       used 27805K, committed 28032K, reserved 1114112K
  class space    used 3035K, committed 3136K, reserved 1048576K
}
Event: 1.593 GC heap before
{Heap before GC invocations=9 (full 0):
 garbage-first heap   total 80896K, used 50480K [0x0000000082c00000, 0x0000000100000000)
  region size 1024K, 34 young (34816K), 1 survivors (1024K)
 Metaspace       used 36087K, committed 36352K, reserved 1114112K
  class space    used 4440K, committed 4544K, reserved 1048576K
}
Event: 1.598 GC heap after
{Heap after GC invocations=10 (full 0):
 garbage-first heap   total 80896K, used 18720K [0x0000000082c00000, 0x0000000100000000)
  region size 1024K, 3 young (3072K), 3 survivors (3072K)
 Metaspace       used 36087K, committed 36352K, reserved 1114112K
  class space    used 4440K, committed 4544K, reserved 1048576K
}
Event: 2.135 GC heap before
{Heap before GC invocations=10 (full 0):
 garbage-first heap   total 80896K, used 54560K [0x0000000082c00000, 0x0000000100000000)
  region size 1024K, 39 young (39936K), 3 survivors (3072K)
 Metaspace       used 44174K, committed 44416K, reserved 1114112K
  class space    used 5277K, committed 5376K, reserved 1048576K
}
Event: 2.145 GC heap after
{Heap after GC invocations=11 (full 0):
 garbage-first heap   total 80896K, used 22169K [0x0000000082c00000, 0x0000000100000000)
  region size 1024K, 5 young (5120K), 5 survivors (5120K)
 Metaspace       used 44174K, committed 44416K, reserved 1114112K
  class space    used 5277K, committed 5376K, reserved 1048576K
}
Event: 2.167 GC heap before
{Heap before GC invocations=11 (full 0):
 garbage-first heap   total 80896K, used 23193K [0x0000000082c00000, 0x0000000100000000)
  region size 1024K, 7 young (7168K), 5 survivors (5120K)
 Metaspace       used 44573K, committed 44800K, reserved 1114112K
  class space    used 5324K, committed 5440K, reserved 1048576K
}
Event: 2.173 GC heap after
{Heap after GC invocations=12 (full 0):
 garbage-first heap   total 80896K, used 23049K [0x0000000082c00000, 0x0000000100000000)
  region size 1024K, 1 young (1024K), 1 survivors (1024K)
 Metaspace       used 44573K, committed 44800K, reserved 1114112K
  class space    used 5324K, committed 5440K, reserved 1048576K
}
Event: 2.624 GC heap before
{Heap before GC invocations=13 (full 0):
 garbage-first heap   total 80896K, used 59913K [0x0000000082c00000, 0x0000000100000000)
  region size 1024K, 36 young (36864K), 1 survivors (1024K)
 Metaspace       used 47837K, committed 48064K, reserved 1114112K
  class space    used 5649K, committed 5760K, reserved 1048576K
}
Event: 2.634 GC heap after
{Heap after GC invocations=14 (full 0):
 garbage-first heap   total 80896K, used 31744K [0x0000000082c00000, 0x0000000100000000)
  region size 1024K, 5 young (5120K), 5 survivors (5120K)
 Metaspace       used 47837K, committed 48064K, reserved 1114112K
  class space    used 5649K, committed 5760K, reserved 1048576K
}
Event: 2.637 GC heap before
{Heap before GC invocations=14 (full 0):
 garbage-first heap   total 80896K, used 32768K [0x0000000082c00000, 0x0000000100000000)
  region size 1024K, 6 young (6144K), 5 survivors (5120K)
 Metaspace       used 47837K, committed 48064K, reserved 1114112K
  class space    used 5649K, committed 5760K, reserved 1048576K
}
Event: 2.649 GC heap after
{Heap after GC invocations=15 (full 0):
 garbage-first heap   total 147456K, used 32463K [0x0000000082c00000, 0x0000000100000000)
  region size 1024K, 1 young (1024K), 1 survivors (1024K)
 Metaspace       used 47837K, committed 48064K, reserved 1114112K
  class space    used 5649K, committed 5760K, reserved 1048576K
}
Event: 3.369 GC heap before
{Heap before GC invocations=15 (full 0):
 garbage-first heap   total 147456K, used 109263K [0x0000000082c00000, 0x0000000100000000)
  region size 1024K, 76 young (77824K), 1 survivors (1024K)
 Metaspace       used 52009K, committed 52224K, reserved 1114112K
  class space    used 6120K, committed 6208K, reserved 1048576K
}
Event: 3.391 GC heap after
{Heap after GC invocations=16 (full 0):
 garbage-first heap   total 147456K, used 51945K [0x0000000082c00000, 0x0000000100000000)
  region size 1024K, 10 young (10240K), 10 survivors (10240K)
 Metaspace       used 52009K, committed 52224K, reserved 1114112K
  class space    used 6120K, committed 6208K, reserved 1048576K
}
Event: 4.221 GC heap before
{Heap before GC invocations=16 (full 0):
 garbage-first heap   total 147456K, used 102121K [0x0000000082c00000, 0x0000000100000000)
  region size 1024K, 59 young (60416K), 10 survivors (10240K)
 Metaspace       used 54161K, committed 54400K, reserved 1114112K
  class space    used 6300K, committed 6400K, reserved 1048576K
}
Event: 4.238 GC heap after
{Heap after GC invocations=17 (full 0):
 garbage-first heap   total 147456K, used 60903K [0x0000000082c00000, 0x0000000100000000)
  region size 1024K, 8 young (8192K), 8 survivors (8192K)
 Metaspace       used 54161K, committed 54400K, reserved 1114112K
  class space    used 6300K, committed 6400K, reserved 1048576K
}
Event: 4.874 GC heap before
{Heap before GC invocations=17 (full 0):
 garbage-first heap   total 147456K, used 108007K [0x0000000082c00000, 0x0000000100000000)
  region size 1024K, 54 young (55296K), 8 survivors (8192K)
 Metaspace       used 55178K, committed 55424K, reserved 1114112K
  class space    used 6366K, committed 6464K, reserved 1048576K
}
Event: 4.895 GC heap after
{Heap after GC invocations=18 (full 0):
 garbage-first heap   total 147456K, used 69632K [0x0000000082c00000, 0x0000000100000000)
  region size 1024K, 7 young (7168K), 7 survivors (7168K)
 Metaspace       used 55178K, committed 55424K, reserved 1114112K
  class space    used 6366K, committed 6464K, reserved 1048576K
}
Event: 5.690 GC heap before
{Heap before GC invocations=18 (full 0):
 garbage-first heap   total 147456K, used 110592K [0x0000000082c00000, 0x0000000100000000)
  region size 1024K, 47 young (48128K), 7 survivors (7168K)
 Metaspace       used 58186K, committed 58432K, reserved 1114112K
  class space    used 6642K, committed 6720K, reserved 1048576K
}

