# JRE version: OpenJDK Runtime Environment (17.0.11) (build 17.0.11+0--11852314)
# Java VM: OpenJDK 64-Bit Server VM (17.0.11+0--11852314, mixed mode, tiered, compressed oops, compressed class ptrs, g1 gc, windows-amd64)
GC Precious Log:
 CPUs: 8 total, 8 available
 Memory: 8008M
 Large Page Support: Disabled
 NUMA Support: Disabled
 Compressed Oops: Enabled (32-bit)
 Heap Region Size: 1M
 Heap Min Capacity: 8M
 Heap Initial Capacity: 126M
 Heap Max Capacity: 2004M
 Pre-touch: Disabled
 Parallel Workers: 8
 Concurrent Workers: 2
 Concurrent Refinement Workers: 8
 Periodic GC: Disabled
Heap:
 garbage-first heap   total 150528K, used 76970K [0x0000000082c00000, 0x0000000100000000)
  region size 1024K, 6 young (6144K), 6 survivors (6144K)
 Metaspace       used 58317K, committed 58560K, reserved 1114112K
  class space    used 6647K, committed 6720K, reserved 1048576K
GC Heap History (20 events):
Event: 1.130 GC heap after
{Heap after GC invocations=6 (full 0):
 garbage-first heap   total 31744K, used 16246K [0x0000000082c00000, 0x0000000100000000)
  region size 1024K, 1 young (1024K), 1 survivors (1024K)
 Metaspace       used 26437K, committed 26688K, reserved 1114112K
  class space    used 2911K, committed 3008K, reserved 1048576K
}
Event: 1.195 GC heap before
{Heap before GC invocations=7 (full 0):
 garbage-first heap   total 31744K, used 21366K [0x0000000082c00000, 0x0000000100000000)
  region size 1024K, 6 young (6144K), 1 survivors (1024K)
 Metaspace       used 27504K, committed 27712K, reserved 1114112K
  class space    used 3014K, committed 3136K, reserved 1048576K
}
Event: 1.197 GC heap after
{Heap after GC invocations=8 (full 0):
 garbage-first heap   total 31744K, used 16501K [0x0000000082c00000, 0x0000000100000000)
  region size 1024K, 1 young (1024K), 1 survivors (1024K)
 Metaspace       used 27504K, committed 27712K, reserved 1114112K
  class space    used 3014K, committed 3136K, reserved 1048576K
}
Event: 1.205 GC heap before
{Heap before GC invocations=8 (full 0):
 garbage-first heap   total 31744K, used 16501K [0x0000000082c00000, 0x0000000100000000)
  region size 1024K, 2 young (2048K), 1 survivors (1024K)
 Metaspace       used 27792K, committed 27968K, reserved 1114112K
  class space    used 3035K, committed 3136K, reserved 1048576K
}
Event: 1.207 GC heap after
{Heap after GC invocations=9 (full 0):
 garbage-first heap   total 80896K, used 16631K [0x0000000082c00000, 0x0000000100000000)
  region size 1024K, 1 young (1024K), 1 survivors (1024K)
 Metaspace       used 27792K, committed 27968K, reserved 1114112K
  class space    used 3035K, committed 3136K, reserved 1048576K
}
Event: 1.588 GC heap before
{Heap before GC invocations=9 (full 0):
 garbage-first heap   total 80896K, used 52471K [0x0000000082c00000, 0x0000000100000000)
  region size 1024K, 36 young (36864K), 1 survivors (1024K)
 Metaspace       used 36527K, committed 36800K, reserved 1114112K
  class space    used 4488K, committed 4608K, reserved 1048576K
}
Event: 1.593 GC heap after
{Heap after GC invocations=10 (full 0):
 garbage-first heap   total 80896K, used 18779K [0x0000000082c00000, 0x0000000100000000)
  region size 1024K, 3 young (3072K), 3 survivors (3072K)
 Metaspace       used 36527K, committed 36800K, reserved 1114112K
  class space    used 4488K, committed 4608K, reserved 1048576K
}
Event: 2.036 GC heap before
{Heap before GC invocations=10 (full 0):
 garbage-first heap   total 80896K, used 52571K [0x0000000082c00000, 0x0000000100000000)
  region size 1024K, 38 young (38912K), 3 survivors (3072K)
 Metaspace       used 44588K, committed 44800K, reserved 1114112K
  class space    used 5323K, committed 5440K, reserved 1048576K
}
Event: 2.045 GC heap after
{Heap after GC invocations=11 (full 0):
 garbage-first heap   total 80896K, used 22262K [0x0000000082c00000, 0x0000000100000000)
  region size 1024K, 5 young (5120K), 5 survivors (5120K)
 Metaspace       used 44588K, committed 44800K, reserved 1114112K
  class space    used 5323K, committed 5440K, reserved 1048576K
}
Event: 2.444 GC heap before
{Heap before GC invocations=12 (full 0):
 garbage-first heap   total 78848K, used 59126K [0x0000000082c00000, 0x0000000100000000)
  region size 1024K, 40 young (40960K), 5 survivors (5120K)
 Metaspace       used 47855K, committed 48064K, reserved 1114112K
  class space    used 5649K, committed 5760K, reserved 1048576K
}
Event: 2.459 GC heap after
{Heap after GC invocations=13 (full 0):
 garbage-first heap   total 78848K, used 31303K [0x0000000082c00000, 0x0000000100000000)
  region size 1024K, 5 young (5120K), 5 survivors (5120K)
 Metaspace       used 47855K, committed 48064K, reserved 1114112K
  class space    used 5649K, committed 5760K, reserved 1048576K
}
Event: 2.557 GC heap before
{Heap before GC invocations=13 (full 0):
 garbage-first heap   total 78848K, used 55879K [0x0000000082c00000, 0x0000000100000000)
  region size 1024K, 29 young (29696K), 5 survivors (5120K)
 Metaspace       used 48119K, committed 48384K, reserved 1114112K
  class space    used 5658K, committed 5760K, reserved 1048576K
}
Event: 2.573 GC heap after
{Heap after GC invocations=14 (full 0):
 garbage-first heap   total 150528K, used 39670K [0x0000000082c00000, 0x0000000100000000)
  region size 1024K, 4 young (4096K), 4 survivors (4096K)
 Metaspace       used 48119K, committed 48384K, reserved 1114112K
  class space    used 5658K, committed 5760K, reserved 1048576K
}
Event: 3.121 GC heap before
{Heap before GC invocations=14 (full 0):
 garbage-first heap   total 150528K, used 99062K [0x0000000082c00000, 0x0000000100000000)
  region size 1024K, 62 young (63488K), 4 survivors (4096K)
 Metaspace       used 52167K, committed 52352K, reserved 1114112K
  class space    used 6123K, committed 6208K, reserved 1048576K
}
Event: 3.137 GC heap after
{Heap after GC invocations=15 (full 0):
 garbage-first heap   total 150528K, used 53494K [0x0000000082c00000, 0x0000000100000000)
  region size 1024K, 8 young (8192K), 8 survivors (8192K)
 Metaspace       used 52167K, committed 52352K, reserved 1114112K
  class space    used 6123K, committed 6208K, reserved 1048576K
}
Event: 3.919 GC heap before
{Heap before GC invocations=15 (full 0):
 garbage-first heap   total 150528K, used 103670K [0x0000000082c00000, 0x0000000100000000)
  region size 1024K, 57 young (58368K), 8 survivors (8192K)
 Metaspace       used 54270K, committed 54528K, reserved 1114112K
  class space    used 6298K, committed 6400K, reserved 1048576K
}
Event: 3.935 GC heap after
{Heap after GC invocations=16 (full 0):
 garbage-first heap   total 150528K, used 61686K [0x0000000082c00000, 0x0000000100000000)
  region size 1024K, 7 young (7168K), 7 survivors (7168K)
 Metaspace       used 54270K, committed 54528K, reserved 1114112K
  class space    used 6298K, committed 6400K, reserved 1048576K
}
Event: 4.500 GC heap before
{Heap before GC invocations=16 (full 0):
 garbage-first heap   total 150528K, used 108790K [0x0000000082c00000, 0x0000000100000000)
  region size 1024K, 53 young (54272K), 7 survivors (7168K)
 Metaspace       used 55352K, committed 55616K, reserved 1114112K
  class space    used 6367K, committed 6464K, reserved 1048576K
}
Event: 4.516 GC heap after
{Heap after GC invocations=17 (full 0):
 garbage-first heap   total 150528K, used 70902K [0x0000000082c00000, 0x0000000100000000)
  region size 1024K, 7 young (7168K), 7 survivors (7168K)
 Metaspace       used 55352K, committed 55616K, reserved 1114112K
  class space    used 6367K, committed 6464K, reserved 1048576K
}
Event: 5.146 GC heap before
{Heap before GC invocations=17 (full 0):
 garbage-first heap   total 150528K, used 111862K [0x0000000082c00000, 0x0000000100000000)
  region size 1024K, 47 young (48128K), 7 survivors (7168K)
 Metaspace       used 58317K, committed 58560K, reserved 1114112K
  class space    used 6647K, committed 6720K, reserved 1048576K
}

